16:20:50 **** Clean-only build of configuration Nios II for project headbang_bot_sof_bsp ****
make clean 
[BSP clean complete]
16:20:53 **** Clean-only build of configuration Nios II for project headbang_bot_sof ****
make clean 
[headbang_bot_sof clean complete]
16:24:02 **** Build of configuration Nios II for project headbang_bot_sof ****
make all 
Info: Building ../headbang_bot_sof_bsp/
C:/intelFPGA_lite/18.1/nios2eds/bin/gnu/H-x86_64-mingw32/bin/make --no-print-directory -C ../headbang_bot_sof_bsp/
Compiling alt_alarm_start.c...
nios2-elf-gcc -xc -MP -MMD -c  -I./HAL/inc -I. -I./drivers/inc -pipe -D__hal__ -DALT_NO_INSTRUCTION_EMULATION -DALT_SINGLE_THREADED    -O0 -g -Wall  -mno-hw-div -mno-hw-mul -mno-hw-mulx -mgpopt=global   -o obj/HAL/src/alt_alarm_start.o HAL/src/alt_alarm_start.c
Compiling alt_busy_sleep.c...
nios2-elf-gcc -xc -MP -MMD -c  -I./HAL/inc -I. -I./drivers/inc -pipe -D__hal__ -DALT_NO_INSTRUCTION_EMULATION -DALT_SINGLE_THREADED    -O0 -g -Wall  -mno-hw-div -mno-hw-mul -mno-hw-mulx -mgpopt=global   -o obj/HAL/src/alt_busy_sleep.o HAL/src/alt_busy_sleep.c
Compiling alt_close.c...
nios2-elf-gcc -xc -MP -MMD -c  -I./HAL/inc -I. -I./drivers/inc -pipe -D__hal__ -DALT_NO_INSTRUCTION_EMULATION -DALT_SINGLE_THREADED    -O0 -g -Wall  -mno-hw-div -mno-hw-mul -mno-hw-mulx -mgpopt=global   -o obj/HAL/src/alt_close.o HAL/src/alt_close.c
Compiling alt_dcache_flush.c...
nios2-elf-gcc -xc -MP -MMD -c  -I./HAL/inc -I. -I./drivers/inc -pipe -D__hal__ -DALT_NO_INSTRUCTION_EMULATION -DALT_SINGLE_THREADED    -O0 -g -Wall  -mno-hw-div -mno-hw-mul -mno-hw-mulx -mgpopt=global   -o obj/HAL/src/alt_dcache_flush.o HAL/src/alt_dcache_flush.c
Compiling alt_dcache_flush_all.c...
nios2-elf-gcc -xc -MP -MMD -c  -I./HAL/inc -I. -I./drivers/inc -pipe -D__hal__ -DALT_NO_INSTRUCTION_EMULATION -DALT_SINGLE_THREADED    -O0 -g -Wall  -mno-hw-div -mno-hw-mul -mno-hw-mulx -mgpopt=global   -o obj/HAL/src/alt_dcache_flush_all.o HAL/src/alt_dcache_flush_all.c
Compiling alt_dcache_flush_no_writeback.c...
nios2-elf-gcc -xc -MP -MMD -c  -I./HAL/inc -I. -I./drivers/inc -pipe -D__hal__ -DALT_NO_INSTRUCTION_EMULATION -DALT_SINGLE_THREADED    -O0 -g -Wall  -mno-hw-div -mno-hw-mul -mno-hw-mulx -mgpopt=global   -o obj/HAL/src/alt_dcache_flush_no_writeback.o HAL/src/alt_dcache_flush_no_writeback.c
Compiling alt_dev.c...
nios2-elf-gcc -xc -MP -MMD -c  -I./HAL/inc -I. -I./drivers/inc -pipe -D__hal__ -DALT_NO_INSTRUCTION_EMULATION -DALT_SINGLE_THREADED    -O0 -g -Wall  -mno-hw-div -mno-hw-mul -mno-hw-mulx -mgpopt=global   -o obj/HAL/src/alt_dev.o HAL/src/alt_dev.c
Compiling alt_dev_llist_insert.c...
nios2-elf-gcc -xc -MP -MMD -c  -I./HAL/inc -I. -I./drivers/inc -pipe -D__hal__ -DALT_NO_INSTRUCTION_EMULATION -DALT_SINGLE_THREADED    -O0 -g -Wall  -mno-hw-div -mno-hw-mul -mno-hw-mulx -mgpopt=global   -o obj/HAL/src/alt_dev_llist_insert.o HAL/src/alt_dev_llist_insert.c
Compiling alt_dma_rxchan_open.c...
nios2-elf-gcc -xc -MP -MMD -c  -I./HAL/inc -I. -I./drivers/inc -pipe -D__hal__ -DALT_NO_INSTRUCTION_EMULATION -DALT_SINGLE_THREADED    -O0 -g -Wall  -mno-hw-div -mno-hw-mul -mno-hw-mulx -mgpopt=global   -o obj/HAL/src/alt_dma_rxchan_open.o HAL/src/alt_dma_rxchan_open.c
Compiling alt_dma_txchan_open.c...
nios2-elf-gcc -xc -MP -MMD -c  -I./HAL/inc -I. -I./drivers/inc -pipe -D__hal__ -DALT_NO_INSTRUCTION_EMULATION -DALT_SINGLE_THREADED    -O0 -g -Wall  -mno-hw-div -mno-hw-mul -mno-hw-mulx -mgpopt=global   -o obj/HAL/src/alt_dma_txchan_open.o HAL/src/alt_dma_txchan_open.c
Compiling alt_do_ctors.c...
nios2-elf-gcc -xc -MP -MMD -c  -I./HAL/inc -I. -I./drivers/inc -pipe -D__hal__ -DALT_NO_INSTRUCTION_EMULATION -DALT_SINGLE_THREADED    -O0 -g -Wall  -mno-hw-div -mno-hw-mul -mno-hw-mulx -mgpopt=global   -o obj/HAL/src/alt_do_ctors.o HAL/src/alt_do_ctors.c
Compiling alt_do_dtors.c...
nios2-elf-gcc -xc -MP -MMD -c  -I./HAL/inc -I. -I./drivers/inc -pipe -D__hal__ -DALT_NO_INSTRUCTION_EMULATION -DALT_SINGLE_THREADED    -O0 -g -Wall  -mno-hw-div -mno-hw-mul -mno-hw-mulx -mgpopt=global   -o obj/HAL/src/alt_do_dtors.o HAL/src/alt_do_dtors.c
Compiling alt_ecc_fatal_entry.S...
nios2-elf-gcc -MP -MMD -c   -O0 -g -Wall  -mno-hw-div -mno-hw-mul -mno-hw-mulx -mgpopt=global    -I./HAL/inc -I. -I./drivers/inc -pipe -D__hal__ -DALT_NO_INSTRUCTION_EMULATION -DALT_SINGLE_THREADED  -Wa,-gdwarf2  -o obj/HAL/src/alt_ecc_fatal_entry.o HAL/src/alt_ecc_fatal_entry.S
Compiling alt_ecc_fatal_exception.c...
nios2-elf-gcc -xc -MP -MMD -c  -I./HAL/inc -I. -I./drivers/inc -pipe -D__hal__ -DALT_NO_INSTRUCTION_EMULATION -DALT_SINGLE_THREADED    -O0 -g -Wall  -mno-hw-div -mno-hw-mul -mno-hw-mulx -mgpopt=global   -o obj/HAL/src/alt_ecc_fatal_exception.o HAL/src/alt_ecc_fatal_exception.c
Compiling alt_env_lock.c...
nios2-elf-gcc -xc -MP -MMD -c  -I./HAL/inc -I. -I./drivers/inc -pipe -D__hal__ -DALT_NO_INSTRUCTION_EMULATION -DALT_SINGLE_THREADED    -O0 -g -Wall  -mno-hw-div -mno-hw-mul -mno-hw-mulx -mgpopt=global   -o obj/HAL/src/alt_env_lock.o HAL/src/alt_env_lock.c
Compiling alt_environ.c...
nios2-elf-gcc -xc -MP -MMD -c  -I./HAL/inc -I. -I./drivers/inc -pipe -D__hal__ -DALT_NO_INSTRUCTION_EMULATION -DALT_SINGLE_THREADED    -O0 -g -Wall  -mno-hw-div -mno-hw-mul -mno-hw-mulx -mgpopt=global   -o obj/HAL/src/alt_environ.o HAL/src/alt_environ.c
Compiling alt_errno.c...
nios2-elf-gcc -xc -MP -MMD -c  -I./HAL/inc -I. -I./drivers/inc -pipe -D__hal__ -DALT_NO_INSTRUCTION_EMULATION -DALT_SINGLE_THREADED    -O0 -g -Wall  -mno-hw-div -mno-hw-mul -mno-hw-mulx -mgpopt=global   -o obj/HAL/src/alt_errno.o HAL/src/alt_errno.c
Compiling alt_exception_entry.S...
nios2-elf-gcc -MP -MMD -c   -O0 -g -Wall  -mno-hw-div -mno-hw-mul -mno-hw-mulx -mgpopt=global    -I./HAL/inc -I. -I./drivers/inc -pipe -D__hal__ -DALT_NO_INSTRUCTION_EMULATION -DALT_SINGLE_THREADED  -Wa,-gdwarf2  -o obj/HAL/src/alt_exception_entry.o HAL/src/alt_exception_entry.S
Compiling alt_exception_muldiv.S...
nios2-elf-gcc -MP -MMD -c   -O0 -g -Wall  -mno-hw-div -mno-hw-mul -mno-hw-mulx -mgpopt=global    -I./HAL/inc -I. -I./drivers/inc -pipe -D__hal__ -DALT_NO_INSTRUCTION_EMULATION -DALT_SINGLE_THREADED  -Wa,-gdwarf2  -o obj/HAL/src/alt_exception_muldiv.o HAL/src/alt_exception_muldiv.S
Compiling alt_exception_trap.S...
nios2-elf-gcc -MP -MMD -c   -O0 -g -Wall  -mno-hw-div -mno-hw-mul -mno-hw-mulx -mgpopt=global    -I./HAL/inc -I. -I./drivers/inc -pipe -D__hal__ -DALT_NO_INSTRUCTION_EMULATION -DALT_SINGLE_THREADED  -Wa,-gdwarf2  -o obj/HAL/src/alt_exception_trap.o HAL/src/alt_exception_trap.S
Compiling alt_execve.c...
nios2-elf-gcc -xc -MP -MMD -c  -I./HAL/inc -I. -I./drivers/inc -pipe -D__hal__ -DALT_NO_INSTRUCTION_EMULATION -DALT_SINGLE_THREADED    -O0 -g -Wall  -mno-hw-div -mno-hw-mul -mno-hw-mulx -mgpopt=global   -o obj/HAL/src/alt_execve.o HAL/src/alt_execve.c
Compiling alt_exit.c...
nios2-elf-gcc -xc -MP -MMD -c  -I./HAL/inc -I. -I./drivers/inc -pipe -D__hal__ -DALT_NO_INSTRUCTION_EMULATION -DALT_SINGLE_THREADED    -O0 -g -Wall  -mno-hw-div -mno-hw-mul -mno-hw-mulx -mgpopt=global   -o obj/HAL/src/alt_exit.o HAL/src/alt_exit.c
Compiling alt_fcntl.c...
nios2-elf-gcc -xc -MP -MMD -c  -I./HAL/inc -I. -I./drivers/inc -pipe -D__hal__ -DALT_NO_INSTRUCTION_EMULATION -DALT_SINGLE_THREADED    -O0 -g -Wall  -mno-hw-div -mno-hw-mul -mno-hw-mulx -mgpopt=global   -o obj/HAL/src/alt_fcntl.o HAL/src/alt_fcntl.c
Compiling alt_fd_lock.c...
nios2-elf-gcc -xc -MP -MMD -c  -I./HAL/inc -I. -I./drivers/inc -pipe -D__hal__ -DALT_NO_INSTRUCTION_EMULATION -DALT_SINGLE_THREADED    -O0 -g -Wall  -mno-hw-div -mno-hw-mul -mno-hw-mulx -mgpopt=global   -o obj/HAL/src/alt_fd_lock.o HAL/src/alt_fd_lock.c
Compiling alt_fd_unlock.c...
nios2-elf-gcc -xc -MP -MMD -c  -I./HAL/inc -I. -I./drivers/inc -pipe -D__hal__ -DALT_NO_INSTRUCTION_EMULATION -DALT_SINGLE_THREADED    -O0 -g -Wall  -mno-hw-div -mno-hw-mul -mno-hw-mulx -mgpopt=global   -o obj/HAL/src/alt_fd_unlock.o HAL/src/alt_fd_unlock.c
Compiling alt_find_dev.c...
nios2-elf-gcc -xc -MP -MMD -c  -I./HAL/inc -I. -I./drivers/inc -pipe -D__hal__ -DALT_NO_INSTRUCTION_EMULATION -DALT_SINGLE_THREADED    -O0 -g -Wall  -mno-hw-div -mno-hw-mul -mno-hw-mulx -mgpopt=global   -o obj/HAL/src/alt_find_dev.o HAL/src/alt_find_dev.c
Compiling alt_find_file.c...
nios2-elf-gcc -xc -MP -MMD -c  -I./HAL/inc -I. -I./drivers/inc -pipe -D__hal__ -DALT_NO_INSTRUCTION_EMULATION -DALT_SINGLE_THREADED    -O0 -g -Wall  -mno-hw-div -mno-hw-mul -mno-hw-mulx -mgpopt=global   -o obj/HAL/src/alt_find_file.o HAL/src/alt_find_file.c
Compiling alt_flash_dev.c...
nios2-elf-gcc -xc -MP -MMD -c  -I./HAL/inc -I. -I./drivers/inc -pipe -D__hal__ -DALT_NO_INSTRUCTION_EMULATION -DALT_SINGLE_THREADED    -O0 -g -Wall  -mno-hw-div -mno-hw-mul -mno-hw-mulx -mgpopt=global   -o obj/HAL/src/alt_flash_dev.o HAL/src/alt_flash_dev.c
Compiling alt_fork.c...
nios2-elf-gcc -xc -MP -MMD -c  -I./HAL/inc -I. -I./drivers/inc -pipe -D__hal__ -DALT_NO_INSTRUCTION_EMULATION -DALT_SINGLE_THREADED    -O0 -g -Wall  -mno-hw-div -mno-hw-mul -mno-hw-mulx -mgpopt=global   -o obj/HAL/src/alt_fork.o HAL/src/alt_fork.c
Compiling alt_fs_reg.c...
nios2-elf-gcc -xc -MP -MMD -c  -I./HAL/inc -I. -I./drivers/inc -pipe -D__hal__ -DALT_NO_INSTRUCTION_EMULATION -DALT_SINGLE_THREADED    -O0 -g -Wall  -mno-hw-div -mno-hw-mul -mno-hw-mulx -mgpopt=global   -o obj/HAL/src/alt_fs_reg.o HAL/src/alt_fs_reg.c
Compiling alt_fstat.c...
nios2-elf-gcc -xc -MP -MMD -c  -I./HAL/inc -I. -I./drivers/inc -pipe -D__hal__ -DALT_NO_INSTRUCTION_EMULATION -DALT_SINGLE_THREADED    -O0 -g -Wall  -mno-hw-div -mno-hw-mul -mno-hw-mulx -mgpopt=global   -o obj/HAL/src/alt_fstat.o HAL/src/alt_fstat.c
Compiling alt_get_fd.c...
nios2-elf-gcc -xc -MP -MMD -c  -I./HAL/inc -I. -I./drivers/inc -pipe -D__hal__ -DALT_NO_INSTRUCTION_EMULATION -DALT_SINGLE_THREADED    -O0 -g -Wall  -mno-hw-div -mno-hw-mul -mno-hw-mulx -mgpopt=global   -o obj/HAL/src/alt_get_fd.o HAL/src/alt_get_fd.c
Compiling alt_getchar.c...
nios2-elf-gcc -xc -MP -MMD -c  -I./HAL/inc -I. -I./drivers/inc -pipe -D__hal__ -DALT_NO_INSTRUCTION_EMULATION -DALT_SINGLE_THREADED    -O0 -g -Wall  -mno-hw-div -mno-hw-mul -mno-hw-mulx -mgpopt=global   -o obj/HAL/src/alt_getchar.o HAL/src/alt_getchar.c
Compiling alt_getpid.c...
nios2-elf-gcc -xc -MP -MMD -c  -I./HAL/inc -I. -I./drivers/inc -pipe -D__hal__ -DALT_NO_INSTRUCTION_EMULATION -DALT_SINGLE_THREADED    -O0 -g -Wall  -mno-hw-div -mno-hw-mul -mno-hw-mulx -mgpopt=global   -o obj/HAL/src/alt_getpid.o HAL/src/alt_getpid.c
Compiling alt_gettod.c...
nios2-elf-gcc -xc -MP -MMD -c  -I./HAL/inc -I. -I./drivers/inc -pipe -D__hal__ -DALT_NO_INSTRUCTION_EMULATION -DALT_SINGLE_THREADED    -O0 -g -Wall  -mno-hw-div -mno-hw-mul -mno-hw-mulx -mgpopt=global   -o obj/HAL/src/alt_gettod.o HAL/src/alt_gettod.c
Compiling alt_gmon.c...
nios2-elf-gcc -xc -MP -MMD -c  -I./HAL/inc -I. -I./drivers/inc -pipe -D__hal__ -DALT_NO_INSTRUCTION_EMULATION -DALT_SINGLE_THREADED    -O0 -g -Wall  -mno-hw-div -mno-hw-mul -mno-hw-mulx -mgpopt=global   -o obj/HAL/src/alt_gmon.o HAL/src/alt_gmon.c
Compiling alt_icache_flush.c...
nios2-elf-gcc -xc -MP -MMD -c  -I./HAL/inc -I. -I./drivers/inc -pipe -D__hal__ -DALT_NO_INSTRUCTION_EMULATION -DALT_SINGLE_THREADED    -O0 -g -Wall  -mno-hw-div -mno-hw-mul -mno-hw-mulx -mgpopt=global   -o obj/HAL/src/alt_icache_flush.o HAL/src/alt_icache_flush.c
Compiling alt_icache_flush_all.c...
nios2-elf-gcc -xc -MP -MMD -c  -I./HAL/inc -I. -I./drivers/inc -pipe -D__hal__ -DALT_NO_INSTRUCTION_EMULATION -DALT_SINGLE_THREADED    -O0 -g -Wall  -mno-hw-div -mno-hw-mul -mno-hw-mulx -mgpopt=global   -o obj/HAL/src/alt_icache_flush_all.o HAL/src/alt_icache_flush_all.c
Compiling alt_iic.c...
nios2-elf-gcc -xc -MP -MMD -c  -I./HAL/inc -I. -I./drivers/inc -pipe -D__hal__ -DALT_NO_INSTRUCTION_EMULATION -DALT_SINGLE_THREADED    -O0 -g -Wall  -mno-hw-div -mno-hw-mul -mno-hw-mulx -mgpopt=global   -o obj/HAL/src/alt_iic.o HAL/src/alt_iic.c
Compiling alt_iic_isr_register.c...
nios2-elf-gcc -xc -MP -MMD -c  -I./HAL/inc -I. -I./drivers/inc -pipe -D__hal__ -DALT_NO_INSTRUCTION_EMULATION -DALT_SINGLE_THREADED    -O0 -g -Wall  -mno-hw-div -mno-hw-mul -mno-hw-mulx -mgpopt=global   -o obj/HAL/src/alt_iic_isr_register.o HAL/src/alt_iic_isr_register.c
Compiling alt_instruction_exception_entry.c...
nios2-elf-gcc -xc -MP -MMD -c  -I./HAL/inc -I. -I./drivers/inc -pipe -D__hal__ -DALT_NO_INSTRUCTION_EMULATION -DALT_SINGLE_THREADED    -O0 -g -Wall  -mno-hw-div -mno-hw-mul -mno-hw-mulx -mgpopt=global   -o obj/HAL/src/alt_instruction_exception_entry.o HAL/src/alt_instruction_exception_entry.c
Compiling alt_instruction_exception_register.c...
nios2-elf-gcc -xc -MP -MMD -c  -I./HAL/inc -I. -I./drivers/inc -pipe -D__hal__ -DALT_NO_INSTRUCTION_EMULATION -DALT_SINGLE_THREADED    -O0 -g -Wall  -mno-hw-div -mno-hw-mul -mno-hw-mulx -mgpopt=global   -o obj/HAL/src/alt_instruction_exception_register.o HAL/src/alt_instruction_exception_register.c
Compiling alt_io_redirect.c...
nios2-elf-gcc -xc -MP -MMD -c  -I./HAL/inc -I. -I./drivers/inc -pipe -D__hal__ -DALT_NO_INSTRUCTION_EMULATION -DALT_SINGLE_THREADED    -O0 -g -Wall  -mno-hw-div -mno-hw-mul -mno-hw-mulx -mgpopt=global   -o obj/HAL/src/alt_io_redirect.o HAL/src/alt_io_redirect.c
Compiling alt_ioctl.c...
nios2-elf-gcc -xc -MP -MMD -c  -I./HAL/inc -I. -I./drivers/inc -pipe -D__hal__ -DALT_NO_INSTRUCTION_EMULATION -DALT_SINGLE_THREADED    -O0 -g -Wall  -mno-hw-div -mno-hw-mul -mno-hw-mulx -mgpopt=global   -o obj/HAL/src/alt_ioctl.o HAL/src/alt_ioctl.c
Compiling alt_irq_entry.S...
nios2-elf-gcc -MP -MMD -c   -O0 -g -Wall  -mno-hw-div -mno-hw-mul -mno-hw-mulx -mgpopt=global    -I./HAL/inc -I. -I./drivers/inc -pipe -D__hal__ -DALT_NO_INSTRUCTION_EMULATION -DALT_SINGLE_THREADED  -Wa,-gdwarf2  -o obj/HAL/src/alt_irq_entry.o HAL/src/alt_irq_entry.S
Compiling alt_irq_handler.c...
nios2-elf-gcc -xc -MP -MMD -c  -I./HAL/inc -I. -I./drivers/inc -pipe -D__hal__ -DALT_NO_INSTRUCTION_EMULATION -DALT_SINGLE_THREADED    -O0 -g -Wall  -mno-hw-div -mno-hw-mul -mno-hw-mulx -mgpopt=global   -o obj/HAL/src/alt_irq_handler.o HAL/src/alt_irq_handler.c
Compiling alt_irq_register.c...
nios2-elf-gcc -xc -MP -MMD -c  -I./HAL/inc -I. -I./drivers/inc -pipe -D__hal__ -DALT_NO_INSTRUCTION_EMULATION -DALT_SINGLE_THREADED    -O0 -g -Wall  -mno-hw-div -mno-hw-mul -mno-hw-mulx -mgpopt=global   -o obj/HAL/src/alt_irq_register.o HAL/src/alt_irq_register.c
Compiling alt_irq_vars.c...
nios2-elf-gcc -xc -MP -MMD -c  -I./HAL/inc -I. -I./drivers/inc -pipe -D__hal__ -DALT_NO_INSTRUCTION_EMULATION -DALT_SINGLE_THREADED    -O0 -g -Wall  -mno-hw-div -mno-hw-mul -mno-hw-mulx -mgpopt=global   -o obj/HAL/src/alt_irq_vars.o HAL/src/alt_irq_vars.c
Compiling alt_isatty.c...
nios2-elf-gcc -xc -MP -MMD -c  -I./HAL/inc -I. -I./drivers/inc -pipe -D__hal__ -DALT_NO_INSTRUCTION_EMULATION -DALT_SINGLE_THREADED    -O0 -g -Wall  -mno-hw-div -mno-hw-mul -mno-hw-mulx -mgpopt=global   -o obj/HAL/src/alt_isatty.o HAL/src/alt_isatty.c
Compiling alt_kill.c...
nios2-elf-gcc -xc -MP -MMD -c  -I./HAL/inc -I. -I./drivers/inc -pipe -D__hal__ -DALT_NO_INSTRUCTION_EMULATION -DALT_SINGLE_THREADED    -O0 -g -Wall  -mno-hw-div -mno-hw-mul -mno-hw-mulx -mgpopt=global   -o obj/HAL/src/alt_kill.o HAL/src/alt_kill.c
Compiling alt_link.c...
nios2-elf-gcc -xc -MP -MMD -c  -I./HAL/inc -I. -I./drivers/inc -pipe -D__hal__ -DALT_NO_INSTRUCTION_EMULATION -DALT_SINGLE_THREADED    -O0 -g -Wall  -mno-hw-div -mno-hw-mul -mno-hw-mulx -mgpopt=global   -o obj/HAL/src/alt_link.o HAL/src/alt_link.c
Compiling alt_load.c...
nios2-elf-gcc -xc -MP -MMD -c  -I./HAL/inc -I. -I./drivers/inc -pipe -D__hal__ -DALT_NO_INSTRUCTION_EMULATION -DALT_SINGLE_THREADED    -O0 -g -Wall  -mno-hw-div -mno-hw-mul -mno-hw-mulx -mgpopt=global   -o obj/HAL/src/alt_load.o HAL/src/alt_load.c
Compiling alt_log_macro.S...
nios2-elf-gcc -MP -MMD -c   -O0 -g -Wall  -mno-hw-div -mno-hw-mul -mno-hw-mulx -mgpopt=global    -I./HAL/inc -I. -I./drivers/inc -pipe -D__hal__ -DALT_NO_INSTRUCTION_EMULATION -DALT_SINGLE_THREADED  -Wa,-gdwarf2  -o obj/HAL/src/alt_log_macro.o HAL/src/alt_log_macro.S
Compiling alt_log_printf.c...
nios2-elf-gcc -xc -MP -MMD -c  -I./HAL/inc -I. -I./drivers/inc -pipe -D__hal__ -DALT_NO_INSTRUCTION_EMULATION -DALT_SINGLE_THREADED    -O0 -g -Wall  -mno-hw-div -mno-hw-mul -mno-hw-mulx -mgpopt=global   -o obj/HAL/src/alt_log_printf.o HAL/src/alt_log_printf.c
Compiling alt_lseek.c...
nios2-elf-gcc -xc -MP -MMD -c  -I./HAL/inc -I. -I./drivers/inc -pipe -D__hal__ -DALT_NO_INSTRUCTION_EMULATION -DALT_SINGLE_THREADED    -O0 -g -Wall  -mno-hw-div -mno-hw-mul -mno-hw-mulx -mgpopt=global   -o obj/HAL/src/alt_lseek.o HAL/src/alt_lseek.c
Compiling alt_main.c...
nios2-elf-gcc -xc -MP -MMD -c  -I./HAL/inc -I. -I./drivers/inc -pipe -D__hal__ -DALT_NO_INSTRUCTION_EMULATION -DALT_SINGLE_THREADED    -O0 -g -Wall  -mno-hw-div -mno-hw-mul -mno-hw-mulx -mgpopt=global   -o obj/HAL/src/alt_main.o HAL/src/alt_main.c
Compiling alt_malloc_lock.c...
nios2-elf-gcc -xc -MP -MMD -c  -I./HAL/inc -I. -I./drivers/inc -pipe -D__hal__ -DALT_NO_INSTRUCTION_EMULATION -DALT_SINGLE_THREADED    -O0 -g -Wall  -mno-hw-div -mno-hw-mul -mno-hw-mulx -mgpopt=global   -o obj/HAL/src/alt_malloc_lock.o HAL/src/alt_malloc_lock.c
Compiling alt_mcount.S...
nios2-elf-gcc -MP -MMD -c   -O0 -g -Wall  -mno-hw-div -mno-hw-mul -mno-hw-mulx -mgpopt=global    -I./HAL/inc -I. -I./drivers/inc -pipe -D__hal__ -DALT_NO_INSTRUCTION_EMULATION -DALT_SINGLE_THREADED  -Wa,-gdwarf2  -o obj/HAL/src/alt_mcount.o HAL/src/alt_mcount.S
Compiling alt_open.c...
nios2-elf-gcc -xc -MP -MMD -c  -I./HAL/inc -I. -I./drivers/inc -pipe -D__hal__ -DALT_NO_INSTRUCTION_EMULATION -DALT_SINGLE_THREADED    -O0 -g -Wall  -mno-hw-div -mno-hw-mul -mno-hw-mulx -mgpopt=global   -o obj/HAL/src/alt_open.o HAL/src/alt_open.c
Compiling alt_printf.c...
nios2-elf-gcc -xc -MP -MMD -c  -I./HAL/inc -I. -I./drivers/inc -pipe -D__hal__ -DALT_NO_INSTRUCTION_EMULATION -DALT_SINGLE_THREADED    -O0 -g -Wall  -mno-hw-div -mno-hw-mul -mno-hw-mulx -mgpopt=global   -o obj/HAL/src/alt_printf.o HAL/src/alt_printf.c
Compiling alt_putchar.c...
nios2-elf-gcc -xc -MP -MMD -c  -I./HAL/inc -I. -I./drivers/inc -pipe -D__hal__ -DALT_NO_INSTRUCTION_EMULATION -DALT_SINGLE_THREADED    -O0 -g -Wall  -mno-hw-div -mno-hw-mul -mno-hw-mulx -mgpopt=global   -o obj/HAL/src/alt_putchar.o HAL/src/alt_putchar.c
Compiling alt_putcharbuf.c...
nios2-elf-gcc -xc -MP -MMD -c  -I./HAL/inc -I. -I./drivers/inc -pipe -D__hal__ -DALT_NO_INSTRUCTION_EMULATION -DALT_SINGLE_THREADED    -O0 -g -Wall  -mno-hw-div -mno-hw-mul -mno-hw-mulx -mgpopt=global   -o obj/HAL/src/alt_putcharbuf.o HAL/src/alt_putcharbuf.c
Compiling alt_putstr.c...
nios2-elf-gcc -xc -MP -MMD -c  -I./HAL/inc -I. -I./drivers/inc -pipe -D__hal__ -DALT_NO_INSTRUCTION_EMULATION -DALT_SINGLE_THREADED    -O0 -g -Wall  -mno-hw-div -mno-hw-mul -mno-hw-mulx -mgpopt=global   -o obj/HAL/src/alt_putstr.o HAL/src/alt_putstr.c
Compiling alt_read.c...
nios2-elf-gcc -xc -MP -MMD -c  -I./HAL/inc -I. -I./drivers/inc -pipe -D__hal__ -DALT_NO_INSTRUCTION_EMULATION -DALT_SINGLE_THREADED    -O0 -g -Wall  -mno-hw-div -mno-hw-mul -mno-hw-mulx -mgpopt=global   -o obj/HAL/src/alt_read.o HAL/src/alt_read.c
Compiling alt_release_fd.c...
nios2-elf-gcc -xc -MP -MMD -c  -I./HAL/inc -I. -I./drivers/inc -pipe -D__hal__ -DALT_NO_INSTRUCTION_EMULATION -DALT_SINGLE_THREADED    -O0 -g -Wall  -mno-hw-div -mno-hw-mul -mno-hw-mulx -mgpopt=global   -o obj/HAL/src/alt_release_fd.o HAL/src/alt_release_fd.c
Compiling alt_remap_cached.c...
nios2-elf-gcc -xc -MP -MMD -c  -I./HAL/inc -I. -I./drivers/inc -pipe -D__hal__ -DALT_NO_INSTRUCTION_EMULATION -DALT_SINGLE_THREADED    -O0 -g -Wall  -mno-hw-div -mno-hw-mul -mno-hw-mulx -mgpopt=global   -o obj/HAL/src/alt_remap_cached.o HAL/src/alt_remap_cached.c
Compiling alt_remap_uncached.c...
nios2-elf-gcc -xc -MP -MMD -c  -I./HAL/inc -I. -I./drivers/inc -pipe -D__hal__ -DALT_NO_INSTRUCTION_EMULATION -DALT_SINGLE_THREADED    -O0 -g -Wall  -mno-hw-div -mno-hw-mul -mno-hw-mulx -mgpopt=global   -o obj/HAL/src/alt_remap_uncached.o HAL/src/alt_remap_uncached.c
Compiling alt_rename.c...
nios2-elf-gcc -xc -MP -MMD -c  -I./HAL/inc -I. -I./drivers/inc -pipe -D__hal__ -DALT_NO_INSTRUCTION_EMULATION -DALT_SINGLE_THREADED    -O0 -g -Wall  -mno-hw-div -mno-hw-mul -mno-hw-mulx -mgpopt=global   -o obj/HAL/src/alt_rename.o HAL/src/alt_rename.c
Compiling alt_sbrk.c...
nios2-elf-gcc -xc -MP -MMD -c  -I./HAL/inc -I. -I./drivers/inc -pipe -D__hal__ -DALT_NO_INSTRUCTION_EMULATION -DALT_SINGLE_THREADED    -O0 -g -Wall  -mno-hw-div -mno-hw-mul -mno-hw-mulx -mgpopt=global   -o obj/HAL/src/alt_sbrk.o HAL/src/alt_sbrk.c
Compiling alt_settod.c...
nios2-elf-gcc -xc -MP -MMD -c  -I./HAL/inc -I. -I./drivers/inc -pipe -D__hal__ -DALT_NO_INSTRUCTION_EMULATION -DALT_SINGLE_THREADED    -O0 -g -Wall  -mno-hw-div -mno-hw-mul -mno-hw-mulx -mgpopt=global   -o obj/HAL/src/alt_settod.o HAL/src/alt_settod.c
Compiling alt_software_exception.S...
nios2-elf-gcc -MP -MMD -c   -O0 -g -Wall  -mno-hw-div -mno-hw-mul -mno-hw-mulx -mgpopt=global    -I./HAL/inc -I. -I./drivers/inc -pipe -D__hal__ -DALT_NO_INSTRUCTION_EMULATION -DALT_SINGLE_THREADED  -Wa,-gdwarf2  -o obj/HAL/src/alt_software_exception.o HAL/src/alt_software_exception.S
Compiling alt_stat.c...
nios2-elf-gcc -xc -MP -MMD -c  -I./HAL/inc -I. -I./drivers/inc -pipe -D__hal__ -DALT_NO_INSTRUCTION_EMULATION -DALT_SINGLE_THREADED    -O0 -g -Wall  -mno-hw-div -mno-hw-mul -mno-hw-mulx -mgpopt=global   -o obj/HAL/src/alt_stat.o HAL/src/alt_stat.c
Compiling alt_tick.c...
nios2-elf-gcc -xc -MP -MMD -c  -I./HAL/inc -I. -I./drivers/inc -pipe -D__hal__ -DALT_NO_INSTRUCTION_EMULATION -DALT_SINGLE_THREADED    -O0 -g -Wall  -mno-hw-div -mno-hw-mul -mno-hw-mulx -mgpopt=global   -o obj/HAL/src/alt_tick.o HAL/src/alt_tick.c
Compiling alt_times.c...
nios2-elf-gcc -xc -MP -MMD -c  -I./HAL/inc -I. -I./drivers/inc -pipe -D__hal__ -DALT_NO_INSTRUCTION_EMULATION -DALT_SINGLE_THREADED    -O0 -g -Wall  -mno-hw-div -mno-hw-mul -mno-hw-mulx -mgpopt=global   -o obj/HAL/src/alt_times.o HAL/src/alt_times.c
Compiling alt_uncached_free.c...
nios2-elf-gcc -xc -MP -MMD -c  -I./HAL/inc -I. -I./drivers/inc -pipe -D__hal__ -DALT_NO_INSTRUCTION_EMULATION -DALT_SINGLE_THREADED    -O0 -g -Wall  -mno-hw-div -mno-hw-mul -mno-hw-mulx -mgpopt=global   -o obj/HAL/src/alt_uncached_free.o HAL/src/alt_uncached_free.c
Compiling alt_uncached_malloc.c...
nios2-elf-gcc -xc -MP -MMD -c  -I./HAL/inc -I. -I./drivers/inc -pipe -D__hal__ -DALT_NO_INSTRUCTION_EMULATION -DALT_SINGLE_THREADED    -O0 -g -Wall  -mno-hw-div -mno-hw-mul -mno-hw-mulx -mgpopt=global   -o obj/HAL/src/alt_uncached_malloc.o HAL/src/alt_uncached_malloc.c
Compiling alt_unlink.c...
nios2-elf-gcc -xc -MP -MMD -c  -I./HAL/inc -I. -I./drivers/inc -pipe -D__hal__ -DALT_NO_INSTRUCTION_EMULATION -DALT_SINGLE_THREADED    -O0 -g -Wall  -mno-hw-div -mno-hw-mul -mno-hw-mulx -mgpopt=global   -o obj/HAL/src/alt_unlink.o HAL/src/alt_unlink.c
Compiling alt_usleep.c...
nios2-elf-gcc -xc -MP -MMD -c  -I./HAL/inc -I. -I./drivers/inc -pipe -D__hal__ -DALT_NO_INSTRUCTION_EMULATION -DALT_SINGLE_THREADED    -O0 -g -Wall  -mno-hw-div -mno-hw-mul -mno-hw-mulx -mgpopt=global   -o obj/HAL/src/alt_usleep.o HAL/src/alt_usleep.c
Compiling alt_wait.c...
nios2-elf-gcc -xc -MP -MMD -c  -I./HAL/inc -I. -I./drivers/inc -pipe -D__hal__ -DALT_NO_INSTRUCTION_EMULATION -DALT_SINGLE_THREADED    -O0 -g -Wall  -mno-hw-div -mno-hw-mul -mno-hw-mulx -mgpopt=global   -o obj/HAL/src/alt_wait.o HAL/src/alt_wait.c
Compiling alt_write.c...
nios2-elf-gcc -xc -MP -MMD -c  -I./HAL/inc -I. -I./drivers/inc -pipe -D__hal__ -DALT_NO_INSTRUCTION_EMULATION -DALT_SINGLE_THREADED    -O0 -g -Wall  -mno-hw-div -mno-hw-mul -mno-hw-mulx -mgpopt=global   -o obj/HAL/src/alt_write.o HAL/src/alt_write.c
Compiling altera_nios2_gen2_irq.c...
nios2-elf-gcc -xc -MP -MMD -c  -I./HAL/inc -I. -I./drivers/inc -pipe -D__hal__ -DALT_NO_INSTRUCTION_EMULATION -DALT_SINGLE_THREADED    -O0 -g -Wall  -mno-hw-div -mno-hw-mul -mno-hw-mulx -mgpopt=global   -o obj/HAL/src/altera_nios2_gen2_irq.o HAL/src/altera_nios2_gen2_irq.c
Compiling crt0.S...
nios2-elf-gcc -MP -MMD -c   -O0 -g -Wall  -mno-hw-div -mno-hw-mul -mno-hw-mulx -mgpopt=global    -I./HAL/inc -I. -I./drivers/inc -pipe -D__hal__ -DALT_NO_INSTRUCTION_EMULATION -DALT_SINGLE_THREADED  -Wa,-gdwarf2  -o obj/HAL/src/crt0.o HAL/src/crt0.S
Compiling alt_sys_init.c...
nios2-elf-gcc -xc -MP -MMD -c  -I./HAL/inc -I. -I./drivers/inc -pipe -D__hal__ -DALT_NO_INSTRUCTION_EMULATION -DALT_SINGLE_THREADED    -O0 -g -Wall  -mno-hw-div -mno-hw-mul -mno-hw-mulx -mgpopt=global   -o obj/alt_sys_init.o alt_sys_init.c
Compiling altera_avalon_jtag_uart_fd.c...
nios2-elf-gcc -xc -MP -MMD -c  -I./HAL/inc -I. -I./drivers/inc -pipe -D__hal__ -DALT_NO_INSTRUCTION_EMULATION -DALT_SINGLE_THREADED    -O0 -g -Wall  -mno-hw-div -mno-hw-mul -mno-hw-mulx -mgpopt=global   -o obj/drivers/src/altera_avalon_jtag_uart_fd.o drivers/src/altera_avalon_jtag_uart_fd.c
Compiling altera_avalon_jtag_uart_init.c...
nios2-elf-gcc -xc -MP -MMD -c  -I./HAL/inc -I. -I./drivers/inc -pipe -D__hal__ -DALT_NO_INSTRUCTION_EMULATION -DALT_SINGLE_THREADED    -O0 -g -Wall  -mno-hw-div -mno-hw-mul -mno-hw-mulx -mgpopt=global   -o obj/drivers/src/altera_avalon_jtag_uart_init.o drivers/src/altera_avalon_jtag_uart_init.c
Compiling altera_avalon_jtag_uart_ioctl.c...
nios2-elf-gcc -xc -MP -MMD -c  -I./HAL/inc -I. -I./drivers/inc -pipe -D__hal__ -DALT_NO_INSTRUCTION_EMULATION -DALT_SINGLE_THREADED    -O0 -g -Wall  -mno-hw-div -mno-hw-mul -mno-hw-mulx -mgpopt=global   -o obj/drivers/src/altera_avalon_jtag_uart_ioctl.o drivers/src/altera_avalon_jtag_uart_ioctl.c
Compiling altera_avalon_jtag_uart_read.c...
nios2-elf-gcc -xc -MP -MMD -c  -I./HAL/inc -I. -I./drivers/inc -pipe -D__hal__ -DALT_NO_INSTRUCTION_EMULATION -DALT_SINGLE_THREADED    -O0 -g -Wall  -mno-hw-div -mno-hw-mul -mno-hw-mulx -mgpopt=global   -o obj/drivers/src/altera_avalon_jtag_uart_read.o drivers/src/altera_avalon_jtag_uart_read.c
Compiling altera_avalon_jtag_uart_write.c...
nios2-elf-gcc -xc -MP -MMD -c  -I./HAL/inc -I. -I./drivers/inc -pipe -D__hal__ -DALT_NO_INSTRUCTION_EMULATION -DALT_SINGLE_THREADED    -O0 -g -Wall  -mno-hw-div -mno-hw-mul -mno-hw-mulx -mgpopt=global   -o obj/drivers/src/altera_avalon_jtag_uart_write.o drivers/src/altera_avalon_jtag_uart_write.c
Compiling altera_up_avalon_audio.c...
nios2-elf-gcc -xc -MP -MMD -c  -I./HAL/inc -I. -I./drivers/inc -pipe -D__hal__ -DALT_NO_INSTRUCTION_EMULATION -DALT_SINGLE_THREADED    -O0 -g -Wall  -mno-hw-div -mno-hw-mul -mno-hw-mulx -mgpopt=global   -o obj/drivers/src/altera_up_avalon_audio.o drivers/src/altera_up_avalon_audio.c
Creating libhal_bsp.a...
rm -f -f libhal_bsp.a
nios2-elf-ar -src libhal_bsp.a obj/HAL/src/alt_alarm_start.o obj/HAL/src/alt_busy_sleep.o obj/HAL/src/alt_close.o obj/HAL/src/alt_dcache_flush.o obj/HAL/src/alt_dcache_flush_all.o obj/HAL/src/alt_dcache_flush_no_writeback.o obj/HAL/src/alt_dev.o obj/HAL/src/alt_dev_llist_insert.o obj/HAL/src/alt_dma_rxchan_open.o obj/HAL/src/alt_dma_txchan_open.o obj/HAL/src/alt_do_ctors.o obj/HAL/src/alt_do_dtors.o obj/HAL/src/alt_ecc_fatal_entry.o obj/HAL/src/alt_ecc_fatal_exception.o obj/HAL/src/alt_env_lock.o obj/HAL/src/alt_environ.o obj/HAL/src/alt_errno.o obj/HAL/src/alt_exception_entry.o obj/HAL/src/alt_exception_muldiv.o obj/HAL/src/alt_exception_trap.o obj/HAL/src/alt_execve.o obj/HAL/src/alt_exit.o obj/HAL/src/alt_fcntl.o obj/HAL/src/alt_fd_lock.o obj/HAL/src/alt_fd_unlock.o obj/HAL/src/alt_find_dev.o obj/HAL/src/alt_find_file.o obj/HAL/src/alt_flash_dev.o obj/HAL/src/alt_fork.o obj/HAL/src/alt_fs_reg.o obj/HAL/src/alt_fstat.o obj/HAL/src/alt_get_fd.o obj/HAL/src/alt_getchar.o obj/HAL/src/alt_getpid.o obj/HAL/src/alt_gettod.o obj/HAL/src/alt_gmon.o obj/HAL/src/alt_icache_flush.o obj/HAL/src/alt_icache_flush_all.o obj/HAL/src/alt_iic.o obj/HAL/src/alt_iic_isr_register.o obj/HAL/src/alt_instruction_exception_entry.o obj/HAL/src/alt_instruction_exception_register.o obj/HAL/src/alt_io_redirect.o obj/HAL/src/alt_ioctl.o obj/HAL/src/alt_irq_entry.o obj/HAL/src/alt_irq_handler.o obj/HAL/src/alt_irq_register.o obj/HAL/src/alt_irq_vars.o obj/HAL/src/alt_isatty.o obj/HAL/src/alt_kill.o obj/HAL/src/alt_link.o obj/HAL/src/alt_load.o obj/HAL/src/alt_log_macro.o obj/HAL/src/alt_log_printf.o obj/HAL/src/alt_lseek.o obj/HAL/src/alt_main.o obj/HAL/src/alt_malloc_lock.o obj/HAL/src/alt_mcount.o obj/HAL/src/alt_open.o obj/HAL/src/alt_printf.o obj/HAL/src/alt_putchar.o obj/HAL/src/alt_putcharbuf.o obj/HAL/src/alt_putstr.o obj/HAL/src/alt_read.o obj/HAL/src/alt_release_fd.o obj/HAL/src/alt_remap_cached.o obj/HAL/src/alt_remap_uncached.o obj/HAL/src/alt_rename.o obj/HAL/src/alt_sbrk.o obj/HAL/src/alt_settod.o obj/HAL/src/alt_software_exception.o obj/HAL/src/alt_stat.o obj/HAL/src/alt_tick.o obj/HAL/src/alt_times.o obj/HAL/src/alt_uncached_free.o obj/HAL/src/alt_uncached_malloc.o obj/HAL/src/alt_unlink.o obj/HAL/src/alt_usleep.o obj/HAL/src/alt_wait.o obj/HAL/src/alt_write.o obj/HAL/src/altera_nios2_gen2_irq.o obj/HAL/src/crt0.o obj/alt_sys_init.o obj/drivers/src/altera_avalon_jtag_uart_fd.o obj/drivers/src/altera_avalon_jtag_uart_init.o obj/drivers/src/altera_avalon_jtag_uart_ioctl.o obj/drivers/src/altera_avalon_jtag_uart_read.o obj/drivers/src/altera_avalon_jtag_uart_write.o obj/drivers/src/altera_up_avalon_audio.o
[BSP build complete]
Info: Compiling main.c to obj/default/main.o
nios2-elf-gcc -xc -MP -MMD -c -I../headbang_bot_sof_bsp//HAL/inc -I../headbang_bot_sof_bsp/ -I../headbang_bot_sof_bsp//drivers/inc  -pipe -D__hal__ -DALT_NO_INSTRUCTION_EMULATION -DALT_SINGLE_THREADED    -O0 -g -Wall   -mno-hw-div -mno-hw-mul -mno-hw-mulx -mgpopt=global  -o obj/default/main.o main.c
Info: Linking headbang_bot_sof.elf
nios2-elf-g++  -T'../headbang_bot_sof_bsp//linker.x' -msys-crt0='../headbang_bot_sof_bsp//obj/HAL/src/crt0.o' -msys-lib=hal_bsp -L../headbang_bot_sof_bsp/   -Wl,-Map=headbang_bot_sof.map   -O0 -g -Wall   -mno-hw-div -mno-hw-mul -mno-hw-mulx -mgpopt=global  -o headbang_bot_sof.elf obj/default/main.o -lm -msys-lib=m
nios2-elf-insert headbang_bot_sof.elf --thread_model hal --cpu_name nios2_gen2 --qsys true --simulation_enabled false --stderr_dev jtag_uart --stdin_dev jtag_uart --stdout_dev jtag_uart --sopc_system_name audioqsys --quartus_project_dir "D:/Vcs/Headbang-bot/headbang_bot" --jdi D:/Vcs/Headbang-bot/headbang_bot/software/headbang_bot_sof_bsp/../../headbang_bot.jdi --sopcinfo D:/Vcs/Headbang-bot/headbang_bot/software/headbang_bot_sof_bsp/../../audioqsys.sopcinfo
Info: (headbang_bot_sof.elf) 30 KBytes program size (code + initialized data).
Info:                        131064 KBytes free for stack + heap.
Info: Creating headbang_bot_sof.objdump
nios2-elf-objdump --disassemble --syms --all-header --source headbang_bot_sof.elf >headbang_bot_sof.objdump
[headbang_bot_sof build complete]
16:24:09 **** Build of configuration Nios II for project headbang_bot_sof_bsp ****
make all 
[BSP build complete]
16:30:06 **** Incremental Build of configuration Nios II for project headbang_bot_sof ****
make all 
Info: Building ../headbang_bot_sof_bsp/
C:/intelFPGA_lite/18.1/nios2eds/bin/gnu/H-x86_64-mingw32/bin/make --no-print-directory -C ../headbang_bot_sof_bsp/
[BSP build complete]
Info: Compiling main.c to obj/default/main.o
nios2-elf-gcc -xc -MP -MMD -c -I../headbang_bot_sof_bsp//HAL/inc -I../headbang_bot_sof_bsp/ -I../headbang_bot_sof_bsp//drivers/inc  -pipe -D__hal__ -DALT_NO_INSTRUCTION_EMULATION -DALT_SINGLE_THREADED    -O0 -g -Wall   -mno-hw-div -mno-hw-mul -mno-hw-mulx -mgpopt=global  -o obj/default/main.o main.c
main.c: In function 'main':
main.c:6:2: warning: implicit declaration of function 'alt_putstr' [-Wimplicit-function-declaration]
  alt_putstr("Running...");
  ^
main.c:15:15: warning: implicit declaration of function 'IORD' [-Wimplicit-function-declaration]
   key_value = IORD(KEY_BASE, 0);
               ^
main.c:15:20: error: 'KEY_BASE' undeclared (first use in this function)
   key_value = IORD(KEY_BASE, 0);
                    ^
main.c:15:20: note: each undeclared identifier is reported only once for each function it appears in
main.c:19:20: error: 'SW_BASE' undeclared (first use in this function)
    sw_value = IORD(SW_BASE, 0);
                    ^
main.c:20:4: warning: implicit declaration of function 'IOWR' [-Wimplicit-function-declaration]
    IOWR(SDRAM_CONTROLLER_BASE, 0, sw_value);
    ^
main.c:20:9: error: 'SDRAM_CONTROLLER_BASE' undeclared (first use in this function)
    IOWR(SDRAM_CONTROLLER_BASE, 0, sw_value);
         ^
main.c:26:3: warning: implicit declaration of function 'usleep' [-Wimplicit-function-declaration]
   usleep(1000000);
   ^
main.c:28:8: error: 'LEDR_BASE' undeclared (first use in this function)
   IOWR(LEDR_BASE, 0, IORD(SDRAM_CONTROLLER_BASE, 0));
        ^
make: *** [obj/default/main.o] Error 1
16:30:06 **** Incremental Build of configuration Nios II for project headbang_bot_sof_bsp ****
make all 
[BSP build complete]
16:33:12 **** Incremental Build of configuration Nios II for project headbang_bot_sof ****
make all 
Info: Building ../headbang_bot_sof_bsp/
C:/intelFPGA_lite/18.1/nios2eds/bin/gnu/H-x86_64-mingw32/bin/make --no-print-directory -C ../headbang_bot_sof_bsp/
[BSP build complete]
Info: Compiling main.c to obj/default/main.o
nios2-elf-gcc -xc -MP -MMD -c -I../headbang_bot_sof_bsp//HAL/inc -I../headbang_bot_sof_bsp/ -I../headbang_bot_sof_bsp//drivers/inc  -pipe -D__hal__ -DALT_NO_INSTRUCTION_EMULATION -DALT_SINGLE_THREADED    -O0 -g -Wall   -mno-hw-div -mno-hw-mul -mno-hw-mulx -mgpopt=global  -o obj/default/main.o main.c
main.c: In function 'main':
main.c:9:2: warning: implicit declaration of function 'IOWR' [-Wimplicit-function-declaration]
  IOWR(SDRAM_CONTROLLER_BASE, 0, first_value);
  ^
main.c:9:7: error: 'SDRAM_CONTROLLER_BASE' undeclared (first use in this function)
  IOWR(SDRAM_CONTROLLER_BASE, 0, first_value);
       ^
main.c:9:7: note: each undeclared identifier is reported only once for each function it appears in
main.c:14:8: error: 'LEDR_BASE' undeclared (first use in this function)
   IOWR(LEDR_BASE, 0, IORD(SDRAM_CONTROLLER_BASE, 0));
        ^
main.c:14:22: warning: implicit declaration of function 'IORD' [-Wimplicit-function-declaration]
   IOWR(LEDR_BASE, 0, IORD(SDRAM_CONTROLLER_BASE, 0));
                      ^
main.c:15:3: warning: implicit declaration of function 'usleep' [-Wimplicit-function-declaration]
   usleep(1000000);
   ^
make: *** [obj/default/main.o] Error 1
16:33:13 **** Incremental Build of configuration Nios II for project headbang_bot_sof_bsp ****
make all 
[BSP build complete]
16:33:25 **** Incremental Build of configuration Nios II for project headbang_bot_sof ****
make all 
Info: Building ../headbang_bot_sof_bsp/
C:/intelFPGA_lite/18.1/nios2eds/bin/gnu/H-x86_64-mingw32/bin/make --no-print-directory -C ../headbang_bot_sof_bsp/
[BSP build complete]
Info: Compiling main.c to obj/default/main.o
nios2-elf-gcc -xc -MP -MMD -c -I../headbang_bot_sof_bsp//HAL/inc -I../headbang_bot_sof_bsp/ -I../headbang_bot_sof_bsp//drivers/inc  -pipe -D__hal__ -DALT_NO_INSTRUCTION_EMULATION -DALT_SINGLE_THREADED    -O0 -g -Wall   -mno-hw-div -mno-hw-mul -mno-hw-mulx -mgpopt=global  -o obj/default/main.o main.c
main.c: In function 'main':
main.c:10:2: warning: implicit declaration of function 'IOWR' [-Wimplicit-function-declaration]
  IOWR(SDRAM_CONTROLLER_BASE, 0, first_value);
  ^
main.c:10:7: error: 'SDRAM_CONTROLLER_BASE' undeclared (first use in this function)
  IOWR(SDRAM_CONTROLLER_BASE, 0, first_value);
       ^
main.c:10:7: note: each undeclared identifier is reported only once for each function it appears in
main.c:15:8: error: 'LEDR_BASE' undeclared (first use in this function)
   IOWR(LEDR_BASE, 0, IORD(SDRAM_CONTROLLER_BASE, 0));
        ^
main.c:15:22: warning: implicit declaration of function 'IORD' [-Wimplicit-function-declaration]
   IOWR(LEDR_BASE, 0, IORD(SDRAM_CONTROLLER_BASE, 0));
                      ^
main.c:16:3: warning: implicit declaration of function 'usleep' [-Wimplicit-function-declaration]
   usleep(1000000);
   ^
make: *** [obj/default/main.o] Error 1
16:33:26 **** Incremental Build of configuration Nios II for project headbang_bot_sof_bsp ****
make all 
[BSP build complete]
16:33:57 **** Incremental Build of configuration Nios II for project headbang_bot_sof ****
make all 
Info: Building ../headbang_bot_sof_bsp/
C:/intelFPGA_lite/18.1/nios2eds/bin/gnu/H-x86_64-mingw32/bin/make --no-print-directory -C ../headbang_bot_sof_bsp/
[BSP build complete]
Info: Compiling main.c to obj/default/main.o
nios2-elf-gcc -xc -MP -MMD -c -I../headbang_bot_sof_bsp//HAL/inc -I../headbang_bot_sof_bsp/ -I../headbang_bot_sof_bsp//drivers/inc  -pipe -D__hal__ -DALT_NO_INSTRUCTION_EMULATION -DALT_SINGLE_THREADED    -O0 -g -Wall   -mno-hw-div -mno-hw-mul -mno-hw-mulx -mgpopt=global  -o obj/default/main.o main.c
main.c: In function 'main':
main.c:10:2: warning: implicit declaration of function 'IOWR' [-Wimplicit-function-declaration]
  IOWR(SDRAM_BASE, 0, first_value);
  ^
main.c:15:8: error: 'LEDR_BASE' undeclared (first use in this function)
   IOWR(LEDR_BASE, 0, IORD(SDRAM_BASE, 0));
        ^
main.c:15:8: note: each undeclared identifier is reported only once for each function it appears in
main.c:15:22: warning: implicit declaration of function 'IORD' [-Wimplicit-function-declaration]
   IOWR(LEDR_BASE, 0, IORD(SDRAM_BASE, 0));
                      ^
main.c:16:3: warning: implicit declaration of function 'usleep' [-Wimplicit-function-declaration]
   usleep(1000000);
   ^
make: *** [obj/default/main.o] Error 1
16:33:57 **** Incremental Build of configuration Nios II for project headbang_bot_sof_bsp ****
make all 
[BSP build complete]
16:34:23 **** Incremental Build of configuration Nios II for project headbang_bot_sof ****
make all 
Info: Building ../headbang_bot_sof_bsp/
C:/intelFPGA_lite/18.1/nios2eds/bin/gnu/H-x86_64-mingw32/bin/make --no-print-directory -C ../headbang_bot_sof_bsp/
[BSP build complete]
Info: Compiling main.c to obj/default/main.o
nios2-elf-gcc -xc -MP -MMD -c -I../headbang_bot_sof_bsp//HAL/inc -I../headbang_bot_sof_bsp/ -I../headbang_bot_sof_bsp//drivers/inc  -pipe -D__hal__ -DALT_NO_INSTRUCTION_EMULATION -DALT_SINGLE_THREADED    -O0 -g -Wall   -mno-hw-div -mno-hw-mul -mno-hw-mulx -mgpopt=global  -o obj/default/main.o main.c
In file included from main.c:4:0:
main.c: In function 'main':
main.c:16:8: error: 'LEDR_BASE' undeclared (first use in this function)
   IOWR(LEDR_BASE, 0, IORD(SDRAM_BASE, 0));
        ^
../headbang_bot_sof_bsp//HAL/inc/io.h:70:23: note: in definition of macro '__IO_CALC_ADDRESS_NATIVE'
   ((void *)(((alt_u8*)BASE) + ((REGNUM) * (SYSTEM_BUS_WIDTH/8))))
                       ^
main.c:16:3: note: in expansion of macro 'IOWR'
   IOWR(LEDR_BASE, 0, IORD(SDRAM_BASE, 0));
   ^
main.c:16:8: note: each undeclared identifier is reported only once for each function it appears in
   IOWR(LEDR_BASE, 0, IORD(SDRAM_BASE, 0));
        ^
../headbang_bot_sof_bsp//HAL/inc/io.h:70:23: note: in definition of macro '__IO_CALC_ADDRESS_NATIVE'
   ((void *)(((alt_u8*)BASE) + ((REGNUM) * (SYSTEM_BUS_WIDTH/8))))
                       ^
main.c:16:3: note: in expansion of macro 'IOWR'
   IOWR(LEDR_BASE, 0, IORD(SDRAM_BASE, 0));
   ^
main.c:17:3: warning: implicit declaration of function 'usleep' [-Wimplicit-function-declaration]
   usleep(1000000);
   ^
make: *** [obj/default/main.o] Error 1
16:34:24 **** Incremental Build of configuration Nios II for project headbang_bot_sof_bsp ****
make all 
[BSP build complete]
16:35:03 **** Incremental Build of configuration Nios II for project headbang_bot_sof ****
make all 
Info: Building ../headbang_bot_sof_bsp/
C:/intelFPGA_lite/18.1/nios2eds/bin/gnu/H-x86_64-mingw32/bin/make --no-print-directory -C ../headbang_bot_sof_bsp/
[BSP build complete]
Info: Compiling main.c to obj/default/main.o
nios2-elf-gcc -xc -MP -MMD -c -I../headbang_bot_sof_bsp//HAL/inc -I../headbang_bot_sof_bsp/ -I../headbang_bot_sof_bsp//drivers/inc  -pipe -D__hal__ -DALT_NO_INSTRUCTION_EMULATION -DALT_SINGLE_THREADED    -O0 -g -Wall   -mno-hw-div -mno-hw-mul -mno-hw-mulx -mgpopt=global  -o obj/default/main.o main.c
main.c: In function 'main':
main.c:17:3: warning: implicit declaration of function 'usleep' [-Wimplicit-function-declaration]
   usleep(1000000);
   ^
Info: Linking headbang_bot_sof.elf
nios2-elf-g++  -T'../headbang_bot_sof_bsp//linker.x' -msys-crt0='../headbang_bot_sof_bsp//obj/HAL/src/crt0.o' -msys-lib=hal_bsp -L../headbang_bot_sof_bsp/   -Wl,-Map=headbang_bot_sof.map   -O0 -g -Wall   -mno-hw-div -mno-hw-mul -mno-hw-mulx -mgpopt=global  -o headbang_bot_sof.elf obj/default/main.o -lm -msys-lib=m
nios2-elf-insert headbang_bot_sof.elf --thread_model hal --cpu_name nios2_gen2 --qsys true --simulation_enabled false --stderr_dev jtag_uart --stdin_dev jtag_uart --stdout_dev jtag_uart --sopc_system_name audioqsys --quartus_project_dir "D:/Vcs/Headbang-bot/headbang_bot" --jdi D:/Vcs/Headbang-bot/headbang_bot/software/headbang_bot_sof_bsp/../../headbang_bot.jdi --sopcinfo D:/Vcs/Headbang-bot/headbang_bot/software/headbang_bot_sof_bsp/../../audioqsys.sopcinfo
Info: (headbang_bot_sof.elf) 15 KBytes program size (code + initialized data).
Info:                        131066 KBytes free for stack + heap.
Info: Creating headbang_bot_sof.objdump
nios2-elf-objdump --disassemble --syms --all-header --source headbang_bot_sof.elf >headbang_bot_sof.objdump
[headbang_bot_sof build complete]
16:35:05 **** Incremental Build of configuration Nios II for project headbang_bot_sof_bsp ****
make all 
[BSP build complete]
16:36:43 **** Incremental Build of configuration Nios II for project headbang_bot_sof ****
make all 
Info: Building ../headbang_bot_sof_bsp/
C:/intelFPGA_lite/18.1/nios2eds/bin/gnu/H-x86_64-mingw32/bin/make --no-print-directory -C ../headbang_bot_sof_bsp/
[BSP build complete]
Info: Compiling main.c to obj/default/main.o
nios2-elf-gcc -xc -MP -MMD -c -I../headbang_bot_sof_bsp//HAL/inc -I../headbang_bot_sof_bsp/ -I../headbang_bot_sof_bsp//drivers/inc  -pipe -D__hal__ -DALT_NO_INSTRUCTION_EMULATION -DALT_SINGLE_THREADED    -O0 -g -Wall   -mno-hw-div -mno-hw-mul -mno-hw-mulx -mgpopt=global  -o obj/default/main.o main.c
Info: Linking headbang_bot_sof.elf
nios2-elf-g++  -T'../headbang_bot_sof_bsp//linker.x' -msys-crt0='../headbang_bot_sof_bsp//obj/HAL/src/crt0.o' -msys-lib=hal_bsp -L../headbang_bot_sof_bsp/   -Wl,-Map=headbang_bot_sof.map   -O0 -g -Wall   -mno-hw-div -mno-hw-mul -mno-hw-mulx -mgpopt=global  -o headbang_bot_sof.elf obj/default/main.o -lm -msys-lib=m
nios2-elf-insert headbang_bot_sof.elf --thread_model hal --cpu_name nios2_gen2 --qsys true --simulation_enabled false --stderr_dev jtag_uart --stdin_dev jtag_uart --stdout_dev jtag_uart --sopc_system_name audioqsys --quartus_project_dir "D:/Vcs/Headbang-bot/headbang_bot" --jdi D:/Vcs/Headbang-bot/headbang_bot/software/headbang_bot_sof_bsp/../../headbang_bot.jdi --sopcinfo D:/Vcs/Headbang-bot/headbang_bot/software/headbang_bot_sof_bsp/../../audioqsys.sopcinfo
Info: (headbang_bot_sof.elf) 15 KBytes program size (code + initialized data).
Info:                        131066 KBytes free for stack + heap.
Info: Creating headbang_bot_sof.objdump
nios2-elf-objdump --disassemble --syms --all-header --source headbang_bot_sof.elf >headbang_bot_sof.objdump
[headbang_bot_sof build complete]
16:36:44 **** Incremental Build of configuration Nios II for project headbang_bot_sof_bsp ****
make all 
[BSP build complete]
16:37:19 **** Build of configuration Nios II for project headbang_bot_sof ****
make all 
Info: Building ../headbang_bot_sof_bsp/
C:/intelFPGA_lite/18.1/nios2eds/bin/gnu/H-x86_64-mingw32/bin/make --no-print-directory -C ../headbang_bot_sof_bsp/
[BSP build complete]
[headbang_bot_sof build complete]
16:37:20 **** Incremental Build of configuration Nios II for project headbang_bot_sof ****
make all 
Info: Building ../headbang_bot_sof_bsp/
C:/intelFPGA_lite/18.1/nios2eds/bin/gnu/H-x86_64-mingw32/bin/make --no-print-directory -C ../headbang_bot_sof_bsp/
[BSP build complete]
[headbang_bot_sof build complete]
16:38:59 **** Incremental Build of configuration Nios II for project headbang_bot_sof ****
make all 
Info: Building ../headbang_bot_sof_bsp/
C:/intelFPGA_lite/18.1/nios2eds/bin/gnu/H-x86_64-mingw32/bin/make --no-print-directory -C ../headbang_bot_sof_bsp/
[BSP build complete]
Info: Compiling main.c to obj/default/main.o
nios2-elf-gcc -xc -MP -MMD -c -I../headbang_bot_sof_bsp//HAL/inc -I../headbang_bot_sof_bsp/ -I../headbang_bot_sof_bsp//drivers/inc  -pipe -D__hal__ -DALT_NO_INSTRUCTION_EMULATION -DALT_SINGLE_THREADED    -O0 -g -Wall   -mno-hw-div -mno-hw-mul -mno-hw-mulx -mgpopt=global  -o obj/default/main.o main.c
Info: Linking headbang_bot_sof.elf
nios2-elf-g++  -T'../headbang_bot_sof_bsp//linker.x' -msys-crt0='../headbang_bot_sof_bsp//obj/HAL/src/crt0.o' -msys-lib=hal_bsp -L../headbang_bot_sof_bsp/   -Wl,-Map=headbang_bot_sof.map   -O0 -g -Wall   -mno-hw-div -mno-hw-mul -mno-hw-mulx -mgpopt=global  -o headbang_bot_sof.elf obj/default/main.o -lm -msys-lib=m
nios2-elf-insert headbang_bot_sof.elf --thread_model hal --cpu_name nios2_gen2 --qsys true --simulation_enabled false --stderr_dev jtag_uart --stdin_dev jtag_uart --stdout_dev jtag_uart --sopc_system_name audioqsys --quartus_project_dir "D:/Vcs/Headbang-bot/headbang_bot" --jdi D:/Vcs/Headbang-bot/headbang_bot/software/headbang_bot_sof_bsp/../../headbang_bot.jdi --sopcinfo D:/Vcs/Headbang-bot/headbang_bot/software/headbang_bot_sof_bsp/../../audioqsys.sopcinfo
Info: (headbang_bot_sof.elf) 15 KBytes program size (code + initialized data).
Info:                        131066 KBytes free for stack + heap.
Info: Creating headbang_bot_sof.objdump
nios2-elf-objdump --disassemble --syms --all-header --source headbang_bot_sof.elf >headbang_bot_sof.objdump
[headbang_bot_sof build complete]
16:39:00 **** Incremental Build of configuration Nios II for project headbang_bot_sof_bsp ****
make all 
[BSP build complete]
16:39:03 **** Incremental Build of configuration Nios II for project headbang_bot_sof ****
make all 
Info: Building ../headbang_bot_sof_bsp/
C:/intelFPGA_lite/18.1/nios2eds/bin/gnu/H-x86_64-mingw32/bin/make --no-print-directory -C ../headbang_bot_sof_bsp/
[BSP build complete]
[headbang_bot_sof build complete]
16:39:44 **** Incremental Build of configuration Nios II for project headbang_bot_sof ****
make all 
Info: Building ../headbang_bot_sof_bsp/
C:/intelFPGA_lite/18.1/nios2eds/bin/gnu/H-x86_64-mingw32/bin/make --no-print-directory -C ../headbang_bot_sof_bsp/
[BSP build complete]
Info: Compiling main.c to obj/default/main.o
nios2-elf-gcc -xc -MP -MMD -c -I../headbang_bot_sof_bsp//HAL/inc -I../headbang_bot_sof_bsp/ -I../headbang_bot_sof_bsp//drivers/inc  -pipe -D__hal__ -DALT_NO_INSTRUCTION_EMULATION -DALT_SINGLE_THREADED    -O0 -g -Wall   -mno-hw-div -mno-hw-mul -mno-hw-mulx -mgpopt=global  -o obj/default/main.o main.c
Info: Linking headbang_bot_sof.elf
nios2-elf-g++  -T'../headbang_bot_sof_bsp//linker.x' -msys-crt0='../headbang_bot_sof_bsp//obj/HAL/src/crt0.o' -msys-lib=hal_bsp -L../headbang_bot_sof_bsp/   -Wl,-Map=headbang_bot_sof.map   -O0 -g -Wall   -mno-hw-div -mno-hw-mul -mno-hw-mulx -mgpopt=global  -o headbang_bot_sof.elf obj/default/main.o -lm -msys-lib=m
nios2-elf-insert headbang_bot_sof.elf --thread_model hal --cpu_name nios2_gen2 --qsys true --simulation_enabled false --stderr_dev jtag_uart --stdin_dev jtag_uart --stdout_dev jtag_uart --sopc_system_name audioqsys --quartus_project_dir "D:/Vcs/Headbang-bot/headbang_bot" --jdi D:/Vcs/Headbang-bot/headbang_bot/software/headbang_bot_sof_bsp/../../headbang_bot.jdi --sopcinfo D:/Vcs/Headbang-bot/headbang_bot/software/headbang_bot_sof_bsp/../../audioqsys.sopcinfo
Info: (headbang_bot_sof.elf) 15 KBytes program size (code + initialized data).
Info:                        131066 KBytes free for stack + heap.
Info: Creating headbang_bot_sof.objdump
nios2-elf-objdump --disassemble --syms --all-header --source headbang_bot_sof.elf >headbang_bot_sof.objdump
[headbang_bot_sof build complete]
16:40:17 **** Incremental Build of configuration Nios II for project headbang_bot_sof ****
make all 
Info: Building ../headbang_bot_sof_bsp/
C:/intelFPGA_lite/18.1/nios2eds/bin/gnu/H-x86_64-mingw32/bin/make --no-print-directory -C ../headbang_bot_sof_bsp/
[BSP build complete]
Info: Compiling main.c to obj/default/main.o
nios2-elf-gcc -xc -MP -MMD -c -I../headbang_bot_sof_bsp//HAL/inc -I../headbang_bot_sof_bsp/ -I../headbang_bot_sof_bsp//drivers/inc  -pipe -D__hal__ -DALT_NO_INSTRUCTION_EMULATION -DALT_SINGLE_THREADED    -O0 -g -Wall   -mno-hw-div -mno-hw-mul -mno-hw-mulx -mgpopt=global  -o obj/default/main.o main.c
Info: Linking headbang_bot_sof.elf
nios2-elf-g++  -T'../headbang_bot_sof_bsp//linker.x' -msys-crt0='../headbang_bot_sof_bsp//obj/HAL/src/crt0.o' -msys-lib=hal_bsp -L../headbang_bot_sof_bsp/   -Wl,-Map=headbang_bot_sof.map   -O0 -g -Wall   -mno-hw-div -mno-hw-mul -mno-hw-mulx -mgpopt=global  -o headbang_bot_sof.elf obj/default/main.o -lm -msys-lib=m
nios2-elf-insert headbang_bot_sof.elf --thread_model hal --cpu_name nios2_gen2 --qsys true --simulation_enabled false --stderr_dev jtag_uart --stdin_dev jtag_uart --stdout_dev jtag_uart --sopc_system_name audioqsys --quartus_project_dir "D:/Vcs/Headbang-bot/headbang_bot" --jdi D:/Vcs/Headbang-bot/headbang_bot/software/headbang_bot_sof_bsp/../../headbang_bot.jdi --sopcinfo D:/Vcs/Headbang-bot/headbang_bot/software/headbang_bot_sof_bsp/../../audioqsys.sopcinfo
Info: (headbang_bot_sof.elf) 69 KBytes program size (code + initialized data).
Info:                        131064 KBytes free for stack + heap.
Info: Creating headbang_bot_sof.objdump
nios2-elf-objdump --disassemble --syms --all-header --source headbang_bot_sof.elf >headbang_bot_sof.objdump
[headbang_bot_sof build complete]
16:40:18 **** Incremental Build of configuration Nios II for project headbang_bot_sof_bsp ****
make all 
[BSP build complete]
16:40:19 **** Incremental Build of configuration Nios II for project headbang_bot_sof ****
make all 
Info: Building ../headbang_bot_sof_bsp/
C:/intelFPGA_lite/18.1/nios2eds/bin/gnu/H-x86_64-mingw32/bin/make --no-print-directory -C ../headbang_bot_sof_bsp/
[BSP build complete]
[headbang_bot_sof build complete]
16:40:46 **** Incremental Build of configuration Nios II for project headbang_bot_sof ****
make all 
Info: Building ../headbang_bot_sof_bsp/
C:/intelFPGA_lite/18.1/nios2eds/bin/gnu/H-x86_64-mingw32/bin/make --no-print-directory -C ../headbang_bot_sof_bsp/
[BSP build complete]
Info: Compiling main.c to obj/default/main.o
nios2-elf-gcc -xc -MP -MMD -c -I../headbang_bot_sof_bsp//HAL/inc -I../headbang_bot_sof_bsp/ -I../headbang_bot_sof_bsp//drivers/inc  -pipe -D__hal__ -DALT_NO_INSTRUCTION_EMULATION -DALT_SINGLE_THREADED    -O0 -g -Wall   -mno-hw-div -mno-hw-mul -mno-hw-mulx -mgpopt=global  -o obj/default/main.o main.c
Info: Linking headbang_bot_sof.elf
nios2-elf-g++  -T'../headbang_bot_sof_bsp//linker.x' -msys-crt0='../headbang_bot_sof_bsp//obj/HAL/src/crt0.o' -msys-lib=hal_bsp -L../headbang_bot_sof_bsp/   -Wl,-Map=headbang_bot_sof.map   -O0 -g -Wall   -mno-hw-div -mno-hw-mul -mno-hw-mulx -mgpopt=global  -o headbang_bot_sof.elf obj/default/main.o -lm -msys-lib=m
nios2-elf-insert headbang_bot_sof.elf --thread_model hal --cpu_name nios2_gen2 --qsys true --simulation_enabled false --stderr_dev jtag_uart --stdin_dev jtag_uart --stdout_dev jtag_uart --sopc_system_name audioqsys --quartus_project_dir "D:/Vcs/Headbang-bot/headbang_bot" --jdi D:/Vcs/Headbang-bot/headbang_bot/software/headbang_bot_sof_bsp/../../headbang_bot.jdi --sopcinfo D:/Vcs/Headbang-bot/headbang_bot/software/headbang_bot_sof_bsp/../../audioqsys.sopcinfo
Info: (headbang_bot_sof.elf) 69 KBytes program size (code + initialized data).
Info:                        131064 KBytes free for stack + heap.
Info: Creating headbang_bot_sof.objdump
nios2-elf-objdump --disassemble --syms --all-header --source headbang_bot_sof.elf >headbang_bot_sof.objdump
[headbang_bot_sof build complete]
16:40:48 **** Incremental Build of configuration Nios II for project headbang_bot_sof_bsp ****
make all 
[BSP build complete]
16:40:53 **** Incremental Build of configuration Nios II for project headbang_bot_sof ****
make all 
Info: Building ../headbang_bot_sof_bsp/
C:/intelFPGA_lite/18.1/nios2eds/bin/gnu/H-x86_64-mingw32/bin/make --no-print-directory -C ../headbang_bot_sof_bsp/
[BSP build complete]
[headbang_bot_sof build complete]
16:41:19 **** Incremental Build of configuration Nios II for project headbang_bot_sof ****
make all 
Info: Building ../headbang_bot_sof_bsp/
C:/intelFPGA_lite/18.1/nios2eds/bin/gnu/H-x86_64-mingw32/bin/make --no-print-directory -C ../headbang_bot_sof_bsp/
[BSP build complete]
Info: Compiling main.c to obj/default/main.o
nios2-elf-gcc -xc -MP -MMD -c -I../headbang_bot_sof_bsp//HAL/inc -I../headbang_bot_sof_bsp/ -I../headbang_bot_sof_bsp//drivers/inc  -pipe -D__hal__ -DALT_NO_INSTRUCTION_EMULATION -DALT_SINGLE_THREADED    -O0 -g -Wall   -mno-hw-div -mno-hw-mul -mno-hw-mulx -mgpopt=global  -o obj/default/main.o main.c
Info: Linking headbang_bot_sof.elf
nios2-elf-g++  -T'../headbang_bot_sof_bsp//linker.x' -msys-crt0='../headbang_bot_sof_bsp//obj/HAL/src/crt0.o' -msys-lib=hal_bsp -L../headbang_bot_sof_bsp/   -Wl,-Map=headbang_bot_sof.map   -O0 -g -Wall   -mno-hw-div -mno-hw-mul -mno-hw-mulx -mgpopt=global  -o headbang_bot_sof.elf obj/default/main.o -lm -msys-lib=m
nios2-elf-insert headbang_bot_sof.elf --thread_model hal --cpu_name nios2_gen2 --qsys true --simulation_enabled false --stderr_dev jtag_uart --stdin_dev jtag_uart --stdout_dev jtag_uart --sopc_system_name audioqsys --quartus_project_dir "D:/Vcs/Headbang-bot/headbang_bot" --jdi D:/Vcs/Headbang-bot/headbang_bot/software/headbang_bot_sof_bsp/../../headbang_bot.jdi --sopcinfo D:/Vcs/Headbang-bot/headbang_bot/software/headbang_bot_sof_bsp/../../audioqsys.sopcinfo
Info: (headbang_bot_sof.elf) 69 KBytes program size (code + initialized data).
Info:                        131064 KBytes free for stack + heap.
Info: Creating headbang_bot_sof.objdump
nios2-elf-objdump --disassemble --syms --all-header --source headbang_bot_sof.elf >headbang_bot_sof.objdump
[headbang_bot_sof build complete]
16:41:33 **** Incremental Build of configuration Nios II for project headbang_bot_sof ****
make all 
Info: Building ../headbang_bot_sof_bsp/
C:/intelFPGA_lite/18.1/nios2eds/bin/gnu/H-x86_64-mingw32/bin/make --no-print-directory -C ../headbang_bot_sof_bsp/
[BSP build complete]
Info: Compiling main.c to obj/default/main.o
nios2-elf-gcc -xc -MP -MMD -c -I../headbang_bot_sof_bsp//HAL/inc -I../headbang_bot_sof_bsp/ -I../headbang_bot_sof_bsp//drivers/inc  -pipe -D__hal__ -DALT_NO_INSTRUCTION_EMULATION -DALT_SINGLE_THREADED    -O0 -g -Wall   -mno-hw-div -mno-hw-mul -mno-hw-mulx -mgpopt=global  -o obj/default/main.o main.c
Info: Linking headbang_bot_sof.elf
nios2-elf-g++  -T'../headbang_bot_sof_bsp//linker.x' -msys-crt0='../headbang_bot_sof_bsp//obj/HAL/src/crt0.o' -msys-lib=hal_bsp -L../headbang_bot_sof_bsp/   -Wl,-Map=headbang_bot_sof.map   -O0 -g -Wall   -mno-hw-div -mno-hw-mul -mno-hw-mulx -mgpopt=global  -o headbang_bot_sof.elf obj/default/main.o -lm -msys-lib=m
nios2-elf-insert headbang_bot_sof.elf --thread_model hal --cpu_name nios2_gen2 --qsys true --simulation_enabled false --stderr_dev jtag_uart --stdin_dev jtag_uart --stdout_dev jtag_uart --sopc_system_name audioqsys --quartus_project_dir "D:/Vcs/Headbang-bot/headbang_bot" --jdi D:/Vcs/Headbang-bot/headbang_bot/software/headbang_bot_sof_bsp/../../headbang_bot.jdi --sopcinfo D:/Vcs/Headbang-bot/headbang_bot/software/headbang_bot_sof_bsp/../../audioqsys.sopcinfo
Info: (headbang_bot_sof.elf) 69 KBytes program size (code + initialized data).
Info:                        131064 KBytes free for stack + heap.
Info: Creating headbang_bot_sof.objdump
nios2-elf-objdump --disassemble --syms --all-header --source headbang_bot_sof.elf >headbang_bot_sof.objdump
[headbang_bot_sof build complete]
16:41:57 **** Incremental Build of configuration Nios II for project headbang_bot_sof ****
make all 
Info: Building ../headbang_bot_sof_bsp/
C:/intelFPGA_lite/18.1/nios2eds/bin/gnu/H-x86_64-mingw32/bin/make --no-print-directory -C ../headbang_bot_sof_bsp/
[BSP build complete]
Info: Compiling main.c to obj/default/main.o
nios2-elf-gcc -xc -MP -MMD -c -I../headbang_bot_sof_bsp//HAL/inc -I../headbang_bot_sof_bsp/ -I../headbang_bot_sof_bsp//drivers/inc  -pipe -D__hal__ -DALT_NO_INSTRUCTION_EMULATION -DALT_SINGLE_THREADED    -O0 -g -Wall   -mno-hw-div -mno-hw-mul -mno-hw-mulx -mgpopt=global  -o obj/default/main.o main.c
Info: Linking headbang_bot_sof.elf
nios2-elf-g++  -T'../headbang_bot_sof_bsp//linker.x' -msys-crt0='../headbang_bot_sof_bsp//obj/HAL/src/crt0.o' -msys-lib=hal_bsp -L../headbang_bot_sof_bsp/   -Wl,-Map=headbang_bot_sof.map   -O0 -g -Wall   -mno-hw-div -mno-hw-mul -mno-hw-mulx -mgpopt=global  -o headbang_bot_sof.elf obj/default/main.o -lm -msys-lib=m
nios2-elf-insert headbang_bot_sof.elf --thread_model hal --cpu_name nios2_gen2 --qsys true --simulation_enabled false --stderr_dev jtag_uart --stdin_dev jtag_uart --stdout_dev jtag_uart --sopc_system_name audioqsys --quartus_project_dir "D:/Vcs/Headbang-bot/headbang_bot" --jdi D:/Vcs/Headbang-bot/headbang_bot/software/headbang_bot_sof_bsp/../../headbang_bot.jdi --sopcinfo D:/Vcs/Headbang-bot/headbang_bot/software/headbang_bot_sof_bsp/../../audioqsys.sopcinfo
Info: (headbang_bot_sof.elf) 69 KBytes program size (code + initialized data).
Info:                        131064 KBytes free for stack + heap.
Info: Creating headbang_bot_sof.objdump
nios2-elf-objdump --disassemble --syms --all-header --source headbang_bot_sof.elf >headbang_bot_sof.objdump
[headbang_bot_sof build complete]
16:42:12 **** Incremental Build of configuration Nios II for project headbang_bot_sof ****
make all 
Info: Building ../headbang_bot_sof_bsp/
C:/intelFPGA_lite/18.1/nios2eds/bin/gnu/H-x86_64-mingw32/bin/make --no-print-directory -C ../headbang_bot_sof_bsp/
[BSP build complete]
[headbang_bot_sof build complete]
16:42:41 **** Incremental Build of configuration Nios II for project headbang_bot_sof ****
make all 
Info: Building ../headbang_bot_sof_bsp/
C:/intelFPGA_lite/18.1/nios2eds/bin/gnu/H-x86_64-mingw32/bin/make --no-print-directory -C ../headbang_bot_sof_bsp/
[BSP build complete]
Info: Compiling main.c to obj/default/main.o
nios2-elf-gcc -xc -MP -MMD -c -I../headbang_bot_sof_bsp//HAL/inc -I../headbang_bot_sof_bsp/ -I../headbang_bot_sof_bsp//drivers/inc  -pipe -D__hal__ -DALT_NO_INSTRUCTION_EMULATION -DALT_SINGLE_THREADED    -O0 -g -Wall   -mno-hw-div -mno-hw-mul -mno-hw-mulx -mgpopt=global  -o obj/default/main.o main.c
Info: Linking headbang_bot_sof.elf
nios2-elf-g++  -T'../headbang_bot_sof_bsp//linker.x' -msys-crt0='../headbang_bot_sof_bsp//obj/HAL/src/crt0.o' -msys-lib=hal_bsp -L../headbang_bot_sof_bsp/   -Wl,-Map=headbang_bot_sof.map   -O0 -g -Wall   -mno-hw-div -mno-hw-mul -mno-hw-mulx -mgpopt=global  -o headbang_bot_sof.elf obj/default/main.o -lm -msys-lib=m
nios2-elf-insert headbang_bot_sof.elf --thread_model hal --cpu_name nios2_gen2 --qsys true --simulation_enabled false --stderr_dev jtag_uart --stdin_dev jtag_uart --stdout_dev jtag_uart --sopc_system_name audioqsys --quartus_project_dir "D:/Vcs/Headbang-bot/headbang_bot" --jdi D:/Vcs/Headbang-bot/headbang_bot/software/headbang_bot_sof_bsp/../../headbang_bot.jdi --sopcinfo D:/Vcs/Headbang-bot/headbang_bot/software/headbang_bot_sof_bsp/../../audioqsys.sopcinfo
Info: (headbang_bot_sof.elf) 15 KBytes program size (code + initialized data).
Info:                        131066 KBytes free for stack + heap.
Info: Creating headbang_bot_sof.objdump
nios2-elf-objdump --disassemble --syms --all-header --source headbang_bot_sof.elf >headbang_bot_sof.objdump
[headbang_bot_sof build complete]
16:43:12 **** Incremental Build of configuration Nios II for project headbang_bot_sof ****
make all 
Info: Building ../headbang_bot_sof_bsp/
C:/intelFPGA_lite/18.1/nios2eds/bin/gnu/H-x86_64-mingw32/bin/make --no-print-directory -C ../headbang_bot_sof_bsp/
[BSP build complete]
Info: Compiling main.c to obj/default/main.o
nios2-elf-gcc -xc -MP -MMD -c -I../headbang_bot_sof_bsp//HAL/inc -I../headbang_bot_sof_bsp/ -I../headbang_bot_sof_bsp//drivers/inc  -pipe -D__hal__ -DALT_NO_INSTRUCTION_EMULATION -DALT_SINGLE_THREADED    -O0 -g -Wall   -mno-hw-div -mno-hw-mul -mno-hw-mulx -mgpopt=global  -o obj/default/main.o main.c
Info: Linking headbang_bot_sof.elf
nios2-elf-g++  -T'../headbang_bot_sof_bsp//linker.x' -msys-crt0='../headbang_bot_sof_bsp//obj/HAL/src/crt0.o' -msys-lib=hal_bsp -L../headbang_bot_sof_bsp/   -Wl,-Map=headbang_bot_sof.map   -O0 -g -Wall   -mno-hw-div -mno-hw-mul -mno-hw-mulx -mgpopt=global  -o headbang_bot_sof.elf obj/default/main.o -lm -msys-lib=m
nios2-elf-insert headbang_bot_sof.elf --thread_model hal --cpu_name nios2_gen2 --qsys true --simulation_enabled false --stderr_dev jtag_uart --stdin_dev jtag_uart --stdout_dev jtag_uart --sopc_system_name audioqsys --quartus_project_dir "D:/Vcs/Headbang-bot/headbang_bot" --jdi D:/Vcs/Headbang-bot/headbang_bot/software/headbang_bot_sof_bsp/../../headbang_bot.jdi --sopcinfo D:/Vcs/Headbang-bot/headbang_bot/software/headbang_bot_sof_bsp/../../audioqsys.sopcinfo
Info: (headbang_bot_sof.elf) 15 KBytes program size (code + initialized data).
Info:                        131066 KBytes free for stack + heap.
Info: Creating headbang_bot_sof.objdump
nios2-elf-objdump --disassemble --syms --all-header --source headbang_bot_sof.elf >headbang_bot_sof.objdump
[headbang_bot_sof build complete]
16:46:08 **** Incremental Build of configuration Nios II for project headbang_bot_sof ****
make all 
Info: Building ../headbang_bot_sof_bsp/
C:/intelFPGA_lite/18.1/nios2eds/bin/gnu/H-x86_64-mingw32/bin/make --no-print-directory -C ../headbang_bot_sof_bsp/
[BSP build complete]
Info: Compiling main.c to obj/default/main.o
nios2-elf-gcc -xc -MP -MMD -c -I../headbang_bot_sof_bsp//HAL/inc -I../headbang_bot_sof_bsp/ -I../headbang_bot_sof_bsp//drivers/inc  -pipe -D__hal__ -DALT_NO_INSTRUCTION_EMULATION -DALT_SINGLE_THREADED    -O0 -g -Wall   -mno-hw-div -mno-hw-mul -mno-hw-mulx -mgpopt=global  -o obj/default/main.o main.c
Info: Linking headbang_bot_sof.elf
nios2-elf-g++  -T'../headbang_bot_sof_bsp//linker.x' -msys-crt0='../headbang_bot_sof_bsp//obj/HAL/src/crt0.o' -msys-lib=hal_bsp -L../headbang_bot_sof_bsp/   -Wl,-Map=headbang_bot_sof.map   -O0 -g -Wall   -mno-hw-div -mno-hw-mul -mno-hw-mulx -mgpopt=global  -o headbang_bot_sof.elf obj/default/main.o -lm -msys-lib=m
nios2-elf-insert headbang_bot_sof.elf --thread_model hal --cpu_name nios2_gen2 --qsys true --simulation_enabled false --stderr_dev jtag_uart --stdin_dev jtag_uart --stdout_dev jtag_uart --sopc_system_name audioqsys --quartus_project_dir "D:/Vcs/Headbang-bot/headbang_bot" --jdi D:/Vcs/Headbang-bot/headbang_bot/software/headbang_bot_sof_bsp/../../headbang_bot.jdi --sopcinfo D:/Vcs/Headbang-bot/headbang_bot/software/headbang_bot_sof_bsp/../../audioqsys.sopcinfo
Info: (headbang_bot_sof.elf) 30 KBytes program size (code + initialized data).
Info:                        131064 KBytes free for stack + heap.
Info: Creating headbang_bot_sof.objdump
nios2-elf-objdump --disassemble --syms --all-header --source headbang_bot_sof.elf >headbang_bot_sof.objdump
[headbang_bot_sof build complete]
16:46:10 **** Incremental Build of configuration Nios II for project headbang_bot_sof_bsp ****
make all 
[BSP build complete]
16:46:12 **** Incremental Build of configuration Nios II for project headbang_bot_sof ****
make all 
Info: Building ../headbang_bot_sof_bsp/
C:/intelFPGA_lite/18.1/nios2eds/bin/gnu/H-x86_64-mingw32/bin/make --no-print-directory -C ../headbang_bot_sof_bsp/
[BSP build complete]
[headbang_bot_sof build complete]
